<?xml version="1.0" encoding="UTF-8"?>
<testng-results ignored="0" total="1" passed="0" failed="1" skipped="0">
  <reporter-output>
  </reporter-output>
  <suite started-at="2021-07-20T07:38:42Z" name="Default suite" finished-at="2021-07-20T07:38:46Z" duration-ms="3728">
    <groups>
    </groups>
    <test started-at="2021-07-20T07:38:42Z" name="Default test" finished-at="2021-07-20T07:38:46Z" duration-ms="3728">
      <class name="com.ae.qa.testcases.TenantUsersPageTest">
        <test-method is-config="true" signature="setExtent()[pri:0, instance:com.ae.qa.testcases.TenantUsersPageTest@486be205]" started-at="2021-07-20T07:38:42Z" name="setExtent" finished-at="2021-07-20T07:38:42Z" duration-ms="66" status="PASS">
          <reporter-output>
          </reporter-output>
        </test-method> <!-- setExtent -->
        <test-method is-config="true" signature="initialization()[pri:0, instance:com.ae.qa.testcases.TenantUsersPageTest@486be205]" started-at="2021-07-20T07:38:42Z" name="initialization" finished-at="2021-07-20T07:38:45Z" duration-ms="2497" status="PASS">
          <reporter-output>
          </reporter-output>
        </test-method> <!-- initialization -->
        <test-method signature="ValidateEditTenantUserTest(java.lang.reflect.Method)[pri:9, instance:com.ae.qa.testcases.TenantUsersPageTest@486be205]" started-at="2021-07-20T07:38:45Z" name="ValidateEditTenantUserTest" finished-at="2021-07-20T07:38:45Z" duration-ms="582" status="FAIL">
          <params>
            <param index="0">
              <value>
                <![CDATA[public void com.ae.qa.testcases.TenantUsersPageTest.ValidateEditTenantUserTest(java.lang.reflect.Method) throws java.lang.Exception]]>
              </value>
            </param>
          </params>
          <exception class="java.lang.Exception">
            <message>
              <![CDATA[Test data cannot find . . .]]>
            </message>
            <full-stacktrace>
              <![CDATA[java.lang.Exception: Test data cannot find . . .
at com.ae.qa.util.ExcelHandler.getTestDataInMap(ExcelHandler.java:53)
at com.ae.qa.testcases.TenantUsersPageTest.ValidateEditTenantUserTest(TenantUsersPageTest.java:39)
at java.base/jdk.internal.reflect.NativeMethodAccessorImpl.invoke0(Native Method)
at java.base/jdk.internal.reflect.NativeMethodAccessorImpl.invoke(NativeMethodAccessorImpl.java:62)
at java.base/jdk.internal.reflect.DelegatingMethodAccessorImpl.invoke(DelegatingMethodAccessorImpl.java:43)
at java.base/java.lang.reflect.Method.invoke(Method.java:566)
at org.testng.internal.MethodInvocationHelper.invokeMethod(MethodInvocationHelper.java:124)
at org.testng.internal.Invoker.invokeMethod(Invoker.java:583)
at org.testng.internal.Invoker.invokeTestMethod(Invoker.java:719)
at org.testng.internal.Invoker.invokeTestMethods(Invoker.java:989)
at org.testng.internal.TestMethodWorker.invokeTestMethods(TestMethodWorker.java:125)
at org.testng.internal.TestMethodWorker.run(TestMethodWorker.java:109)
at org.testng.TestRunner.privateRun(TestRunner.java:648)
at org.testng.TestRunner.run(TestRunner.java:505)
at org.testng.SuiteRunner.runTest(SuiteRunner.java:455)
at org.testng.SuiteRunner.runSequentially(SuiteRunner.java:450)
at org.testng.SuiteRunner.privateRun(SuiteRunner.java:415)
at org.testng.SuiteRunner.run(SuiteRunner.java:364)
at org.testng.SuiteRunnerWorker.runSuite(SuiteRunnerWorker.java:52)
at org.testng.SuiteRunnerWorker.run(SuiteRunnerWorker.java:84)
at org.testng.TestNG.runSuitesSequentially(TestNG.java:1208)
at org.testng.TestNG.runSuitesLocally(TestNG.java:1137)
at org.testng.TestNG.runSuites(TestNG.java:1049)
at org.testng.TestNG.run(TestNG.java:1017)
at org.testng.remote.AbstractRemoteTestNG.run(AbstractRemoteTestNG.java:115)
at org.testng.remote.RemoteTestNG.initAndRun(RemoteTestNG.java:251)
at org.testng.remote.RemoteTestNG.main(RemoteTestNG.java:77)
]]>
            </full-stacktrace>
          </exception> <!-- java.lang.Exception -->
          <reporter-output>
          </reporter-output>
        </test-method> <!-- ValidateEditTenantUserTest -->
        <test-method is-config="true" signature="getResult(org.testng.ITestResult)[pri:0, instance:com.ae.qa.testcases.TenantUsersPageTest@486be205]" started-at="2021-07-20T07:38:45Z" name="getResult" finished-at="2021-07-20T07:38:46Z" duration-ms="350" status="PASS">
          <params>
            <param index="0">
              <value>
                <![CDATA[[TestResult name=ValidateEditTenantUserTest status=FAILURE method=TenantUsersPageTest.ValidateEditTenantUserTest(java.lang.reflect.Method)[pri:9, instance:com.ae.qa.testcases.TenantUsersPageTest@486be205] output={null}]]]>
              </value>
            </param>
          </params>
          <reporter-output>
          </reporter-output>
        </test-method> <!-- getResult -->
        <test-method is-config="true" signature="endReport()[pri:0, instance:com.ae.qa.testcases.TenantUsersPageTest@486be205]" started-at="2021-07-20T07:38:46Z" name="endReport" finished-at="2021-07-20T07:38:46Z" duration-ms="217" status="PASS">
          <reporter-output>
          </reporter-output>
        </test-method> <!-- endReport -->
      </class> <!-- com.ae.qa.testcases.TenantUsersPageTest -->
    </test> <!-- Default test -->
  </suite> <!-- Default suite -->
</testng-results>
